<?xml version="1.0" encoding="UTF-8" standalone="yes"?><!DOCTYPE report PUBLIC "-//JACOCO//DTD Report 1.1//EN" "report.dtd"><report name="waterManagement"><sessioninfo id="AU-Q77KQR6N2M-CTS-eeb8a323" start="1691752326419" dump="1691752328005"/><package name="com/fabric/waterManagement/model"><class name="com/fabric/waterManagement/model/Apartment" sourcefilename="Apartment.java"><method name="&lt;init&gt;" desc="(Ljava/lang/Integer;Ljava/lang/Integer;)V" line="9"><counter type="INSTRUCTION" missed="0" covered="9"/><counter type="LINE" missed="0" covered="4"/><counter type="COMPLEXITY" missed="0" covered="1"/><counter type="METHOD" missed="0" covered="1"/></method><method name="getNoOFRooms" desc="()Ljava/lang/Integer;" line="15"><counter type="INSTRUCTION" missed="3" covered="0"/><counter type="LINE" missed="1" covered="0"/><counter type="COMPLEXITY" missed="1" covered="0"/><counter type="METHOD" missed="1" covered="0"/></method><method name="setNoOFRooms" desc="(Ljava/lang/Integer;)V" line="19"><counter type="INSTRUCTION" missed="4" covered="0"/><counter type="LINE" missed="2" covered="0"/><counter type="COMPLEXITY" missed="1" covered="0"/><counter type="METHOD" missed="1" covered="0"/></method><method name="getEstimatedOccupants" desc="()Ljava/lang/Integer;" line="23"><counter type="INSTRUCTION" missed="0" covered="3"/><counter type="LINE" missed="0" covered="1"/><counter type="COMPLEXITY" missed="0" covered="1"/><counter type="METHOD" missed="0" covered="1"/></method><method name="setEstimatedOccupants" desc="(Ljava/lang/Integer;)V" line="27"><counter type="INSTRUCTION" missed="4" covered="0"/><counter type="LINE" missed="2" covered="0"/><counter type="COMPLEXITY" missed="1" covered="0"/><counter type="METHOD" missed="1" covered="0"/></method><counter type="INSTRUCTION" missed="11" covered="12"/><counter type="LINE" missed="5" covered="5"/><counter type="COMPLEXITY" missed="3" covered="2"/><counter type="METHOD" missed="3" covered="2"/><counter type="CLASS" missed="0" covered="1"/></class><class name="com/fabric/waterManagement/model/Bill" sourcefilename="Bill.java"><method name="&lt;init&gt;" desc="()V" line="5"><counter type="INSTRUCTION" missed="0" covered="3"/><counter type="LINE" missed="0" covered="1"/><counter type="COMPLEXITY" missed="0" covered="1"/><counter type="METHOD" missed="0" covered="1"/></method><method name="getTotalWaterConsumed" desc="()Ljava/lang/Integer;" line="11"><counter type="INSTRUCTION" missed="0" covered="3"/><counter type="LINE" missed="0" covered="1"/><counter type="COMPLEXITY" missed="0" covered="1"/><counter type="METHOD" missed="0" covered="1"/></method><method name="setTotalWaterConsumed" desc="(Ljava/lang/Integer;)V" line="15"><counter type="INSTRUCTION" missed="0" covered="4"/><counter type="LINE" missed="0" covered="2"/><counter type="COMPLEXITY" missed="0" covered="1"/><counter type="METHOD" missed="0" covered="1"/></method><method name="getTotalCost" desc="()Ljava/lang/Integer;" line="19"><counter type="INSTRUCTION" missed="0" covered="3"/><counter type="LINE" missed="0" covered="1"/><counter type="COMPLEXITY" missed="0" covered="1"/><counter type="METHOD" missed="0" covered="1"/></method><method name="setTotalCost" desc="(Ljava/lang/Integer;)V" line="23"><counter type="INSTRUCTION" missed="0" covered="4"/><counter type="LINE" missed="0" covered="2"/><counter type="COMPLEXITY" missed="0" covered="1"/><counter type="METHOD" missed="0" covered="1"/></method><method name="toString" desc="()Ljava/lang/String;" line="28"><counter type="INSTRUCTION" missed="17" covered="0"/><counter type="LINE" missed="1" covered="0"/><counter type="COMPLEXITY" missed="1" covered="0"/><counter type="METHOD" missed="1" covered="0"/></method><method name="equals" desc="(Ljava/lang/Object;)Z" line="36"><counter type="INSTRUCTION" missed="5" covered="28"/><counter type="BRANCH" missed="5" covered="5"/><counter type="LINE" missed="0" covered="4"/><counter type="COMPLEXITY" missed="5" covered="1"/><counter type="METHOD" missed="0" covered="1"/></method><method name="hashCode" desc="()I" line="44"><counter type="INSTRUCTION" missed="14" covered="0"/><counter type="LINE" missed="1" covered="0"/><counter type="COMPLEXITY" missed="1" covered="0"/><counter type="METHOD" missed="1" covered="0"/></method><counter type="INSTRUCTION" missed="36" covered="45"/><counter type="BRANCH" missed="5" covered="5"/><counter type="LINE" missed="2" covered="11"/><counter type="COMPLEXITY" missed="7" covered="6"/><counter type="METHOD" missed="2" covered="6"/><counter type="CLASS" missed="0" covered="1"/></class><class name="com/fabric/waterManagement/model/Rate" sourcefilename="Rate.java"><method name="&lt;init&gt;" desc="(Lcom/fabric/waterManagement/model/WaterLimit;Ljava/lang/Double;)V" line="9"><counter type="INSTRUCTION" missed="0" covered="9"/><counter type="LINE" missed="0" covered="4"/><counter type="COMPLEXITY" missed="0" covered="1"/><counter type="METHOD" missed="0" covered="1"/></method><method name="getVolume" desc="()Lcom/fabric/waterManagement/model/WaterLimit;" line="15"><counter type="INSTRUCTION" missed="0" covered="3"/><counter type="LINE" missed="0" covered="1"/><counter type="COMPLEXITY" missed="0" covered="1"/><counter type="METHOD" missed="0" covered="1"/></method><method name="setVolume" desc="(Lcom/fabric/waterManagement/model/WaterLimit;)V" line="19"><counter type="INSTRUCTION" missed="4" covered="0"/><counter type="LINE" missed="2" covered="0"/><counter type="COMPLEXITY" missed="1" covered="0"/><counter type="METHOD" missed="1" covered="0"/></method><method name="getRate" desc="()Ljava/lang/Double;" line="23"><counter type="INSTRUCTION" missed="0" covered="3"/><counter type="LINE" missed="0" covered="1"/><counter type="COMPLEXITY" missed="0" covered="1"/><counter type="METHOD" missed="0" covered="1"/></method><method name="setRate" desc="(Ljava/lang/Double;)V" line="27"><counter type="INSTRUCTION" missed="4" covered="0"/><counter type="LINE" missed="2" covered="0"/><counter type="COMPLEXITY" missed="1" covered="0"/><counter type="METHOD" missed="1" covered="0"/></method><counter type="INSTRUCTION" missed="8" covered="15"/><counter type="LINE" missed="4" covered="6"/><counter type="COMPLEXITY" missed="2" covered="3"/><counter type="METHOD" missed="2" covered="3"/><counter type="CLASS" missed="0" covered="1"/></class><class name="com/fabric/waterManagement/model/AllotWater" sourcefilename="AllotWater.java"><method name="&lt;init&gt;" desc="()V" line="5"><counter type="INSTRUCTION" missed="0" covered="3"/><counter type="LINE" missed="0" covered="1"/><counter type="COMPLEXITY" missed="0" covered="1"/><counter type="METHOD" missed="0" covered="1"/></method><method name="getApartmentType" desc="()Ljava/lang/String;" line="13"><counter type="INSTRUCTION" missed="0" covered="3"/><counter type="LINE" missed="0" covered="1"/><counter type="COMPLEXITY" missed="0" covered="1"/><counter type="METHOD" missed="0" covered="1"/></method><method name="setApartmentType" desc="(Ljava/lang/String;)V" line="17"><counter type="INSTRUCTION" missed="0" covered="4"/><counter type="LINE" missed="0" covered="2"/><counter type="COMPLEXITY" missed="0" covered="1"/><counter type="METHOD" missed="0" covered="1"/></method><method name="getWaterRatio" desc="()Ljava/lang/String;" line="21"><counter type="INSTRUCTION" missed="0" covered="3"/><counter type="LINE" missed="0" covered="1"/><counter type="COMPLEXITY" missed="0" covered="1"/><counter type="METHOD" missed="0" covered="1"/></method><method name="setWaterRatio" desc="(Ljava/lang/String;)V" line="25"><counter type="INSTRUCTION" missed="0" covered="4"/><counter type="LINE" missed="0" covered="2"/><counter type="COMPLEXITY" missed="0" covered="1"/><counter type="METHOD" missed="0" covered="1"/></method><method name="getNoOFGuest" desc="()Ljava/lang/Integer;" line="29"><counter type="INSTRUCTION" missed="0" covered="3"/><counter type="LINE" missed="0" covered="1"/><counter type="COMPLEXITY" missed="0" covered="1"/><counter type="METHOD" missed="0" covered="1"/></method><method name="setNoOFGuest" desc="(Ljava/lang/Integer;)V" line="33"><counter type="INSTRUCTION" missed="0" covered="4"/><counter type="LINE" missed="0" covered="2"/><counter type="COMPLEXITY" missed="0" covered="1"/><counter type="METHOD" missed="0" covered="1"/></method><method name="equals" desc="(Ljava/lang/Object;)Z" line="38"><counter type="INSTRUCTION" missed="5" covered="34"/><counter type="BRANCH" missed="6" covered="6"/><counter type="LINE" missed="0" covered="4"/><counter type="COMPLEXITY" missed="6" covered="1"/><counter type="METHOD" missed="0" covered="1"/></method><method name="hashCode" desc="()I" line="46"><counter type="INSTRUCTION" missed="19" covered="0"/><counter type="LINE" missed="1" covered="0"/><counter type="COMPLEXITY" missed="1" covered="0"/><counter type="METHOD" missed="1" covered="0"/></method><method name="toString" desc="()Ljava/lang/String;" line="51"><counter type="INSTRUCTION" missed="24" covered="0"/><counter type="LINE" missed="1" covered="0"/><counter type="COMPLEXITY" missed="1" covered="0"/><counter type="METHOD" missed="1" covered="0"/></method><counter type="INSTRUCTION" missed="48" covered="58"/><counter type="BRANCH" missed="6" covered="6"/><counter type="LINE" missed="2" covered="14"/><counter type="COMPLEXITY" missed="8" covered="8"/><counter type="METHOD" missed="2" covered="8"/><counter type="CLASS" missed="0" covered="1"/></class><class name="com/fabric/waterManagement/model/WaterLimit" sourcefilename="WaterLimit.java"><method name="&lt;init&gt;" desc="(Ljava/lang/Integer;Ljava/lang/Integer;)V" line="9"><counter type="INSTRUCTION" missed="0" covered="9"/><counter type="LINE" missed="0" covered="4"/><counter type="COMPLEXITY" missed="0" covered="1"/><counter type="METHOD" missed="0" covered="1"/></method><method name="getMin" desc="()Ljava/lang/Integer;" line="15"><counter type="INSTRUCTION" missed="0" covered="3"/><counter type="LINE" missed="0" covered="1"/><counter type="COMPLEXITY" missed="0" covered="1"/><counter type="METHOD" missed="0" covered="1"/></method><method name="setMin" desc="(Ljava/lang/Integer;)V" line="19"><counter type="INSTRUCTION" missed="4" covered="0"/><counter type="LINE" missed="2" covered="0"/><counter type="COMPLEXITY" missed="1" covered="0"/><counter type="METHOD" missed="1" covered="0"/></method><method name="getMax" desc="()Ljava/lang/Integer;" line="23"><counter type="INSTRUCTION" missed="0" covered="3"/><counter type="LINE" missed="0" covered="1"/><counter type="COMPLEXITY" missed="0" covered="1"/><counter type="METHOD" missed="0" covered="1"/></method><method name="setMax" desc="(Ljava/lang/Integer;)V" line="27"><counter type="INSTRUCTION" missed="4" covered="0"/><counter type="LINE" missed="2" covered="0"/><counter type="COMPLEXITY" missed="1" covered="0"/><counter type="METHOD" missed="1" covered="0"/></method><counter type="INSTRUCTION" missed="8" covered="15"/><counter type="LINE" missed="4" covered="6"/><counter type="COMPLEXITY" missed="2" covered="3"/><counter type="METHOD" missed="2" covered="3"/><counter type="CLASS" missed="0" covered="1"/></class><class name="com/fabric/waterManagement/model/WaterDistribution" sourcefilename="WaterDistribution.java"><method name="&lt;init&gt;" desc="(Ljava/lang/String;Ljava/util/List;)V" line="11"><counter type="INSTRUCTION" missed="9" covered="0"/><counter type="LINE" missed="4" covered="0"/><counter type="COMPLEXITY" missed="1" covered="0"/><counter type="METHOD" missed="1" covered="0"/></method><method name="getDistributionType" desc="()Ljava/lang/String;" line="17"><counter type="INSTRUCTION" missed="3" covered="0"/><counter type="LINE" missed="1" covered="0"/><counter type="COMPLEXITY" missed="1" covered="0"/><counter type="METHOD" missed="1" covered="0"/></method><method name="setDistributionType" desc="(Ljava/lang/String;)V" line="21"><counter type="INSTRUCTION" missed="4" covered="0"/><counter type="LINE" missed="2" covered="0"/><counter type="COMPLEXITY" missed="1" covered="0"/><counter type="METHOD" missed="1" covered="0"/></method><method name="getRate" desc="()Ljava/util/List;" line="25"><counter type="INSTRUCTION" missed="3" covered="0"/><counter type="LINE" missed="1" covered="0"/><counter type="COMPLEXITY" missed="1" covered="0"/><counter type="METHOD" missed="1" covered="0"/></method><method name="setRate" desc="(Ljava/util/List;)V" line="29"><counter type="INSTRUCTION" missed="4" covered="0"/><counter type="LINE" missed="2" covered="0"/><counter type="COMPLEXITY" missed="1" covered="0"/><counter type="METHOD" missed="1" covered="0"/></method><counter type="INSTRUCTION" missed="23" covered="0"/><counter type="LINE" missed="10" covered="0"/><counter type="COMPLEXITY" missed="5" covered="0"/><counter type="METHOD" missed="5" covered="0"/><counter type="CLASS" missed="1" covered="0"/></class><class name="com/fabric/waterManagement/model/WaterRatio" sourcefilename="WaterRatio.java"><method name="&lt;init&gt;" desc="()V" line="3"><counter type="INSTRUCTION" missed="0" covered="3"/><counter type="LINE" missed="0" covered="1"/><counter type="COMPLEXITY" missed="0" covered="1"/><counter type="METHOD" missed="0" covered="1"/></method><method name="getCorporation" desc="()Ljava/lang/Double;" line="10"><counter type="INSTRUCTION" missed="0" covered="3"/><counter type="LINE" missed="0" covered="1"/><counter type="COMPLEXITY" missed="0" covered="1"/><counter type="METHOD" missed="0" covered="1"/></method><method name="setCorporation" desc="(Ljava/lang/Double;)V" line="14"><counter type="INSTRUCTION" missed="0" covered="4"/><counter type="LINE" missed="0" covered="2"/><counter type="COMPLEXITY" missed="0" covered="1"/><counter type="METHOD" missed="0" covered="1"/></method><method name="getBorewell" desc="()Ljava/lang/Double;" line="18"><counter type="INSTRUCTION" missed="0" covered="3"/><counter type="LINE" missed="0" covered="1"/><counter type="COMPLEXITY" missed="0" covered="1"/><counter type="METHOD" missed="0" covered="1"/></method><method name="setBorewell" desc="(Ljava/lang/Double;)V" line="22"><counter type="INSTRUCTION" missed="0" covered="4"/><counter type="LINE" missed="0" covered="2"/><counter type="COMPLEXITY" missed="0" covered="1"/><counter type="METHOD" missed="0" covered="1"/></method><counter type="INSTRUCTION" missed="0" covered="17"/><counter type="LINE" missed="0" covered="7"/><counter type="COMPLEXITY" missed="0" covered="5"/><counter type="METHOD" missed="0" covered="5"/><counter type="CLASS" missed="0" covered="1"/></class><sourcefile name="WaterRatio.java"><line nr="3" mi="0" ci="3" mb="0" cb="0"/><line nr="10" mi="0" ci="3" mb="0" cb="0"/><line nr="14" mi="0" ci="3" mb="0" cb="0"/><line nr="15" mi="0" ci="1" mb="0" cb="0"/><line nr="18" mi="0" ci="3" mb="0" cb="0"/><line nr="22" mi="0" ci="3" mb="0" cb="0"/><line nr="23" mi="0" ci="1" mb="0" cb="0"/><counter type="INSTRUCTION" missed="0" covered="17"/><counter type="LINE" missed="0" covered="7"/><counter type="COMPLEXITY" missed="0" covered="5"/><counter type="METHOD" missed="0" covered="5"/><counter type="CLASS" missed="0" covered="1"/></sourcefile><sourcefile name="WaterDistribution.java"><line nr="11" mi="2" ci="0" mb="0" cb="0"/><line nr="12" mi="3" ci="0" mb="0" cb="0"/><line nr="13" mi="3" ci="0" mb="0" cb="0"/><line nr="14" mi="1" ci="0" mb="0" cb="0"/><line nr="17" mi="3" ci="0" mb="0" cb="0"/><line nr="21" mi="3" ci="0" mb="0" cb="0"/><line nr="22" mi="1" ci="0" mb="0" cb="0"/><line nr="25" mi="3" ci="0" mb="0" cb="0"/><line nr="29" mi="3" ci="0" mb="0" cb="0"/><line nr="30" mi="1" ci="0" mb="0" cb="0"/><counter type="INSTRUCTION" missed="23" covered="0"/><counter type="LINE" missed="10" covered="0"/><counter type="COMPLEXITY" missed="5" covered="0"/><counter type="METHOD" missed="5" covered="0"/><counter type="CLASS" missed="1" covered="0"/></sourcefile><sourcefile name="AllotWater.java"><line nr="5" mi="0" ci="3" mb="0" cb="0"/><line nr="13" mi="0" ci="3" mb="0" cb="0"/><line nr="17" mi="0" ci="3" mb="0" cb="0"/><line nr="18" mi="0" ci="1" mb="0" cb="0"/><line nr="21" mi="0" ci="3" mb="0" cb="0"/><line nr="25" mi="0" ci="3" mb="0" cb="0"/><line nr="26" mi="0" ci="1" mb="0" cb="0"/><line nr="29" mi="0" ci="3" mb="0" cb="0"/><line nr="33" mi="0" ci="3" mb="0" cb="0"/><line nr="34" mi="0" ci="1" mb="0" cb="0"/><line nr="38" mi="2" ci="3" mb="1" cb="1"/><line nr="39" mi="2" ci="7" mb="2" cb="2"/><line nr="40" mi="0" ci="3" mb="0" cb="0"/><line nr="41" mi="1" ci="21" mb="3" cb="3"/><line nr="46" mi="19" ci="0" mb="0" cb="0"/><line nr="51" mi="24" ci="0" mb="0" cb="0"/><counter type="INSTRUCTION" missed="48" covered="58"/><counter type="BRANCH" missed="6" covered="6"/><counter type="LINE" missed="2" covered="14"/><counter type="COMPLEXITY" missed="8" covered="8"/><counter type="METHOD" missed="2" covered="8"/><counter type="CLASS" missed="0" covered="1"/></sourcefile><sourcefile name="Bill.java"><line nr="5" mi="0" ci="3" mb="0" cb="0"/><line nr="11" mi="0" ci="3" mb="0" cb="0"/><line nr="15" mi="0" ci="3" mb="0" cb="0"/><line nr="16" mi="0" ci="1" mb="0" cb="0"/><line nr="19" mi="0" ci="3" mb="0" cb="0"/><line nr="23" mi="0" ci="3" mb="0" cb="0"/><line nr="24" mi="0" ci="1" mb="0" cb="0"/><line nr="28" mi="17" ci="0" mb="0" cb="0"/><line nr="36" mi="2" ci="3" mb="1" cb="1"/><line nr="37" mi="2" ci="7" mb="2" cb="2"/><line nr="38" mi="0" ci="3" mb="0" cb="0"/><line nr="39" mi="1" ci="15" mb="2" cb="2"/><line nr="44" mi="14" ci="0" mb="0" cb="0"/><counter type="INSTRUCTION" missed="36" covered="45"/><counter type="BRANCH" missed="5" covered="5"/><counter type="LINE" missed="2" covered="11"/><counter type="COMPLEXITY" missed="7" covered="6"/><counter type="METHOD" missed="2" covered="6"/><counter type="CLASS" missed="0" covered="1"/></sourcefile><sourcefile name="WaterLimit.java"><line nr="9" mi="0" ci="2" mb="0" cb="0"/><line nr="10" mi="0" ci="3" mb="0" cb="0"/><line nr="11" mi="0" ci="3" mb="0" cb="0"/><line nr="12" mi="0" ci="1" mb="0" cb="0"/><line nr="15" mi="0" ci="3" mb="0" cb="0"/><line nr="19" mi="3" ci="0" mb="0" cb="0"/><line nr="20" mi="1" ci="0" mb="0" cb="0"/><line nr="23" mi="0" ci="3" mb="0" cb="0"/><line nr="27" mi="3" ci="0" mb="0" cb="0"/><line nr="28" mi="1" ci="0" mb="0" cb="0"/><counter type="INSTRUCTION" missed="8" covered="15"/><counter type="LINE" missed="4" covered="6"/><counter type="COMPLEXITY" missed="2" covered="3"/><counter type="METHOD" missed="2" covered="3"/><counter type="CLASS" missed="0" covered="1"/></sourcefile><sourcefile name="Apartment.java"><line nr="9" mi="0" ci="2" mb="0" cb="0"/><line nr="10" mi="0" ci="3" mb="0" cb="0"/><line nr="11" mi="0" ci="3" mb="0" cb="0"/><line nr="12" mi="0" ci="1" mb="0" cb="0"/><line nr="15" mi="3" ci="0" mb="0" cb="0"/><line nr="19" mi="3" ci="0" mb="0" cb="0"/><line nr="20" mi="1" ci="0" mb="0" cb="0"/><line nr="23" mi="0" ci="3" mb="0" cb="0"/><line nr="27" mi="3" ci="0" mb="0" cb="0"/><line nr="28" mi="1" ci="0" mb="0" cb="0"/><counter type="INSTRUCTION" missed="11" covered="12"/><counter type="LINE" missed="5" covered="5"/><counter type="COMPLEXITY" missed="3" covered="2"/><counter type="METHOD" missed="3" covered="2"/><counter type="CLASS" missed="0" covered="1"/></sourcefile><sourcefile name="Rate.java"><line nr="9" mi="0" ci="2" mb="0" cb="0"/><line nr="10" mi="0" ci="3" mb="0" cb="0"/><line nr="11" mi="0" ci="3" mb="0" cb="0"/><line nr="12" mi="0" ci="1" mb="0" cb="0"/><line nr="15" mi="0" ci="3" mb="0" cb="0"/><line nr="19" mi="3" ci="0" mb="0" cb="0"/><line nr="20" mi="1" ci="0" mb="0" cb="0"/><line nr="23" mi="0" ci="3" mb="0" cb="0"/><line nr="27" mi="3" ci="0" mb="0" cb="0"/><line nr="28" mi="1" ci="0" mb="0" cb="0"/><counter type="INSTRUCTION" missed="8" covered="15"/><counter type="LINE" missed="4" covered="6"/><counter type="COMPLEXITY" missed="2" covered="3"/><counter type="METHOD" missed="2" covered="3"/><counter type="CLASS" missed="0" covered="1"/></sourcefile><counter type="INSTRUCTION" missed="134" covered="162"/><counter type="BRANCH" missed="11" covered="11"/><counter type="LINE" missed="27" covered="49"/><counter type="COMPLEXITY" missed="27" covered="27"/><counter type="METHOD" missed="16" covered="27"/><counter type="CLASS" missed="1" covered="6"/></package><package name="com/fabric/waterManagement/exceptions"><class name="com/fabric/waterManagement/exceptions/InvalidFileNameException" sourcefilename="InvalidFileNameException.java"><method name="&lt;init&gt;" desc="(Ljava/lang/String;)V" line="6"><counter type="INSTRUCTION" missed="0" covered="4"/><counter type="LINE" missed="0" covered="2"/><counter type="COMPLEXITY" missed="0" covered="1"/><counter type="METHOD" missed="0" covered="1"/></method><counter type="INSTRUCTION" missed="0" covered="4"/><counter type="LINE" missed="0" covered="2"/><counter type="COMPLEXITY" missed="0" covered="1"/><counter type="METHOD" missed="0" covered="1"/><counter type="CLASS" missed="0" covered="1"/></class><sourcefile name="InvalidFileNameException.java"><line nr="6" mi="0" ci="3" mb="0" cb="0"/><line nr="7" mi="0" ci="1" mb="0" cb="0"/><counter type="INSTRUCTION" missed="0" covered="4"/><counter type="LINE" missed="0" covered="2"/><counter type="COMPLEXITY" missed="0" covered="1"/><counter type="METHOD" missed="0" covered="1"/><counter type="CLASS" missed="0" covered="1"/></sourcefile><counter type="INSTRUCTION" missed="0" covered="4"/><counter type="LINE" missed="0" covered="2"/><counter type="COMPLEXITY" missed="0" covered="1"/><counter type="METHOD" missed="0" covered="1"/><counter type="CLASS" missed="0" covered="1"/></package><package name="com/fabric/waterManagement"><class name="com/fabric/waterManagement/WaterManagementApplication" sourcefilename="WaterManagementApplication.java"><method name="&lt;init&gt;" desc="()V" line="10"><counter type="INSTRUCTION" missed="3" covered="0"/><counter type="LINE" missed="1" covered="0"/><counter type="COMPLEXITY" missed="1" covered="0"/><counter type="METHOD" missed="1" covered="0"/></method><method name="main" desc="([Ljava/lang/String;)V" line="15"><counter type="INSTRUCTION" missed="13" covered="0"/><counter type="LINE" missed="5" covered="0"/><counter type="COMPLEXITY" missed="1" covered="0"/><counter type="METHOD" missed="1" covered="0"/></method><counter type="INSTRUCTION" missed="16" covered="0"/><counter type="LINE" missed="6" covered="0"/><counter type="COMPLEXITY" missed="2" covered="0"/><counter type="METHOD" missed="2" covered="0"/><counter type="CLASS" missed="1" covered="0"/></class><sourcefile name="WaterManagementApplication.java"><line nr="10" mi="3" ci="0" mb="0" cb="0"/><line nr="15" mi="2" ci="0" mb="0" cb="0"/><line nr="16" mi="4" ci="0" mb="0" cb="0"/><line nr="17" mi="4" ci="0" mb="0" cb="0"/><line nr="18" mi="2" ci="0" mb="0" cb="0"/><line nr="19" mi="1" ci="0" mb="0" cb="0"/><counter type="INSTRUCTION" missed="16" covered="0"/><counter type="LINE" missed="6" covered="0"/><counter type="COMPLEXITY" missed="2" covered="0"/><counter type="METHOD" missed="2" covered="0"/><counter type="CLASS" missed="1" covered="0"/></sourcefile><counter type="INSTRUCTION" missed="16" covered="0"/><counter type="LINE" missed="6" covered="0"/><counter type="COMPLEXITY" missed="2" covered="0"/><counter type="METHOD" missed="2" covered="0"/><counter type="CLASS" missed="1" covered="0"/></package><package name="com/fabric/waterManagement/util"><class name="com/fabric/waterManagement/util/Constants" sourcefilename="Constants.java"><method name="&lt;init&gt;" desc="()V" line="3"><counter type="INSTRUCTION" missed="3" covered="0"/><counter type="LINE" missed="1" covered="0"/><counter type="COMPLEXITY" missed="1" covered="0"/><counter type="METHOD" missed="1" covered="0"/></method><method name="&lt;clinit&gt;" desc="()V" line="5"><counter type="INSTRUCTION" missed="0" covered="13"/><counter type="LINE" missed="0" covered="4"/><counter type="COMPLEXITY" missed="0" covered="1"/><counter type="METHOD" missed="0" covered="1"/></method><counter type="INSTRUCTION" missed="3" covered="13"/><counter type="LINE" missed="1" covered="4"/><counter type="COMPLEXITY" missed="1" covered="1"/><counter type="METHOD" missed="1" covered="1"/><counter type="CLASS" missed="0" covered="1"/></class><sourcefile name="Constants.java"><line nr="3" mi="3" ci="0" mb="0" cb="0"/><line nr="5" mi="0" ci="3" mb="0" cb="0"/><line nr="6" mi="0" ci="3" mb="0" cb="0"/><line nr="8" mi="0" ci="3" mb="0" cb="0"/><line nr="10" mi="0" ci="4" mb="0" cb="0"/><counter type="INSTRUCTION" missed="3" covered="13"/><counter type="LINE" missed="1" covered="4"/><counter type="COMPLEXITY" missed="1" covered="1"/><counter type="METHOD" missed="1" covered="1"/><counter type="CLASS" missed="0" covered="1"/></sourcefile><counter type="INSTRUCTION" missed="3" covered="13"/><counter type="LINE" missed="1" covered="4"/><counter type="COMPLEXITY" missed="1" covered="1"/><counter type="METHOD" missed="1" covered="1"/><counter type="CLASS" missed="0" covered="1"/></package><package name="com/fabric/waterManagement/enums"><class name="com/fabric/waterManagement/enums/WaterDistributionMethods" sourcefilename="WaterDistributionMethods.java"><method name="&lt;clinit&gt;" desc="()V" line="3"><counter type="INSTRUCTION" missed="0" covered="21"/><counter type="LINE" missed="0" covered="4"/><counter type="COMPLEXITY" missed="0" covered="1"/><counter type="METHOD" missed="0" covered="1"/></method><counter type="INSTRUCTION" missed="0" covered="21"/><counter type="LINE" missed="0" covered="4"/><counter type="COMPLEXITY" missed="0" covered="1"/><counter type="METHOD" missed="0" covered="1"/><counter type="CLASS" missed="0" covered="1"/></class><class name="com/fabric/waterManagement/enums/Action" sourcefilename="Action.java"><method name="&lt;init&gt;" desc="(Ljava/lang/String;ILjava/lang/String;)V" line="11"><counter type="INSTRUCTION" missed="0" covered="8"/><counter type="LINE" missed="0" covered="3"/><counter type="COMPLEXITY" missed="0" covered="1"/><counter type="METHOD" missed="0" covered="1"/></method><method name="&lt;clinit&gt;" desc="()V" line="3"><counter type="INSTRUCTION" missed="0" covered="24"/><counter type="LINE" missed="0" covered="4"/><counter type="COMPLEXITY" missed="0" covered="1"/><counter type="METHOD" missed="0" covered="1"/></method><counter type="INSTRUCTION" missed="0" covered="32"/><counter type="LINE" missed="0" covered="7"/><counter type="COMPLEXITY" missed="0" covered="2"/><counter type="METHOD" missed="0" covered="2"/><counter type="CLASS" missed="0" covered="1"/></class><sourcefile name="Action.java"><line nr="3" mi="0" ci="3" mb="0" cb="0"/><line nr="5" mi="0" ci="7" mb="0" cb="0"/><line nr="6" mi="0" ci="7" mb="0" cb="0"/><line nr="7" mi="0" ci="7" mb="0" cb="0"/><line nr="11" mi="0" ci="4" mb="0" cb="0"/><line nr="12" mi="0" ci="3" mb="0" cb="0"/><line nr="13" mi="0" ci="1" mb="0" cb="0"/><counter type="INSTRUCTION" missed="0" covered="32"/><counter type="LINE" missed="0" covered="7"/><counter type="COMPLEXITY" missed="0" covered="2"/><counter type="METHOD" missed="0" covered="2"/><counter type="CLASS" missed="0" covered="1"/></sourcefile><sourcefile name="WaterDistributionMethods.java"><line nr="3" mi="0" ci="3" mb="0" cb="0"/><line nr="4" mi="0" ci="6" mb="0" cb="0"/><line nr="5" mi="0" ci="6" mb="0" cb="0"/><line nr="6" mi="0" ci="6" mb="0" cb="0"/><counter type="INSTRUCTION" missed="0" covered="21"/><counter type="LINE" missed="0" covered="4"/><counter type="COMPLEXITY" missed="0" covered="1"/><counter type="METHOD" missed="0" covered="1"/><counter type="CLASS" missed="0" covered="1"/></sourcefile><counter type="INSTRUCTION" missed="0" covered="53"/><counter type="LINE" missed="0" covered="11"/><counter type="COMPLEXITY" missed="0" covered="3"/><counter type="METHOD" missed="0" covered="3"/><counter type="CLASS" missed="0" covered="2"/></package><package name="com/fabric/waterManagement/repository"><class name="com/fabric/waterManagement/repository/ApartmentWaterConsumptionRepo" sourcefilename="ApartmentWaterConsumptionRepo.java"><method name="&lt;init&gt;" desc="()V" line="11"><counter type="INSTRUCTION" missed="3" covered="0"/><counter type="LINE" missed="1" covered="0"/><counter type="COMPLEXITY" missed="1" covered="0"/><counter type="METHOD" missed="1" covered="0"/></method><method name="getEstimatedWaterConsumption" desc="()Ljava/util/Map;" line="14"><counter type="INSTRUCTION" missed="0" covered="28"/><counter type="LINE" missed="0" covered="4"/><counter type="COMPLEXITY" missed="0" covered="1"/><counter type="METHOD" missed="0" covered="1"/></method><counter type="INSTRUCTION" missed="3" covered="28"/><counter type="LINE" missed="1" covered="4"/><counter type="COMPLEXITY" missed="1" covered="1"/><counter type="METHOD" missed="1" covered="1"/><counter type="CLASS" missed="0" covered="1"/></class><class name="com/fabric/waterManagement/repository/WaterDistributionRepo" sourcefilename="WaterDistributionRepo.java"><method name="&lt;init&gt;" desc="()V" line="10"><counter type="INSTRUCTION" missed="3" covered="0"/><counter type="LINE" missed="1" covered="0"/><counter type="COMPLEXITY" missed="1" covered="0"/><counter type="METHOD" missed="1" covered="0"/></method><method name="getDistrubutionRates" desc="()Ljava/util/Map;" line="13"><counter type="INSTRUCTION" missed="0" covered="122"/><counter type="LINE" missed="0" covered="10"/><counter type="COMPLEXITY" missed="0" covered="1"/><counter type="METHOD" missed="0" covered="1"/></method><counter type="INSTRUCTION" missed="3" covered="122"/><counter type="LINE" missed="1" covered="10"/><counter type="COMPLEXITY" missed="1" covered="1"/><counter type="METHOD" missed="1" covered="1"/><counter type="CLASS" missed="0" covered="1"/></class><sourcefile name="WaterDistributionRepo.java"><line nr="10" mi="3" ci="0" mb="0" cb="0"/><line nr="13" mi="0" ci="4" mb="0" cb="0"/><line nr="14" mi="0" ci="23" mb="0" cb="0"/><line nr="15" mi="0" ci="23" mb="0" cb="0"/><line nr="16" mi="0" ci="4" mb="0" cb="0"/><line nr="17" mi="0" ci="15" mb="0" cb="0"/><line nr="18" mi="0" ci="15" mb="0" cb="0"/><line nr="19" mi="0" ci="15" mb="0" cb="0"/><line nr="20" mi="0" ci="15" mb="0" cb="0"/><line nr="21" mi="0" ci="6" mb="0" cb="0"/><line nr="22" mi="0" ci="2" mb="0" cb="0"/><counter type="INSTRUCTION" missed="3" covered="122"/><counter type="LINE" missed="1" covered="10"/><counter type="COMPLEXITY" missed="1" covered="1"/><counter type="METHOD" missed="1" covered="1"/><counter type="CLASS" missed="0" covered="1"/></sourcefile><sourcefile name="ApartmentWaterConsumptionRepo.java"><line nr="11" mi="3" ci="0" mb="0" cb="0"/><line nr="14" mi="0" ci="4" mb="0" cb="0"/><line nr="15" mi="0" ci="11" mb="0" cb="0"/><line nr="16" mi="0" ci="11" mb="0" cb="0"/><line nr="17" mi="0" ci="2" mb="0" cb="0"/><counter type="INSTRUCTION" missed="3" covered="28"/><counter type="LINE" missed="1" covered="4"/><counter type="COMPLEXITY" missed="1" covered="1"/><counter type="METHOD" missed="1" covered="1"/><counter type="CLASS" missed="0" covered="1"/></sourcefile><counter type="INSTRUCTION" missed="6" covered="150"/><counter type="LINE" missed="2" covered="14"/><counter type="COMPLEXITY" missed="2" covered="2"/><counter type="METHOD" missed="2" covered="2"/><counter type="CLASS" missed="0" covered="2"/></package><package name="com/fabric/waterManagement/service"><class name="com/fabric/waterManagement/service/FileReaderService" sourcefilename="FileReaderService.java"><method name="&lt;init&gt;" desc="()V" line="16"><counter type="INSTRUCTION" missed="0" covered="3"/><counter type="LINE" missed="0" covered="1"/><counter type="COMPLEXITY" missed="0" covered="1"/><counter type="METHOD" missed="0" covered="1"/></method><method name="readFile" desc="(Ljava/lang/String;)Lcom/fabric/waterManagement/model/AllotWater;" line="22"><counter type="INSTRUCTION" missed="15" covered="72"/><counter type="BRANCH" missed="1" covered="7"/><counter type="LINE" missed="5" covered="21"/><counter type="COMPLEXITY" missed="1" covered="5"/><counter type="METHOD" missed="0" covered="1"/></method><method name="&lt;clinit&gt;" desc="()V" line="18"><counter type="INSTRUCTION" missed="0" covered="5"/><counter type="LINE" missed="0" covered="1"/><counter type="COMPLEXITY" missed="0" covered="1"/><counter type="METHOD" missed="0" covered="1"/></method><counter type="INSTRUCTION" missed="15" covered="80"/><counter type="BRANCH" missed="1" covered="7"/><counter type="LINE" missed="5" covered="23"/><counter type="COMPLEXITY" missed="1" covered="7"/><counter type="METHOD" missed="0" covered="3"/><counter type="CLASS" missed="0" covered="1"/></class><class name="com/fabric/waterManagement/service/WaterManagementService" sourcefilename="WaterManagementService.java"><method name="&lt;init&gt;" desc="()V" line="6"><counter type="INSTRUCTION" missed="0" covered="3"/><counter type="LINE" missed="0" covered="1"/><counter type="COMPLEXITY" missed="0" covered="1"/><counter type="METHOD" missed="0" covered="1"/></method><method name="billGeneration" desc="(Ljava/lang/String;)Ljava/lang/String;" line="9"><counter type="INSTRUCTION" missed="0" covered="29"/><counter type="LINE" missed="0" covered="5"/><counter type="COMPLEXITY" missed="0" covered="1"/><counter type="METHOD" missed="0" covered="1"/></method><counter type="INSTRUCTION" missed="0" covered="32"/><counter type="LINE" missed="0" covered="6"/><counter type="COMPLEXITY" missed="0" covered="2"/><counter type="METHOD" missed="0" covered="2"/><counter type="CLASS" missed="0" covered="1"/></class><class name="com/fabric/waterManagement/service/BillService" sourcefilename="BillService.java"><method name="&lt;init&gt;" desc="()V" line="16"><counter type="INSTRUCTION" missed="0" covered="3"/><counter type="LINE" missed="0" covered="1"/><counter type="COMPLEXITY" missed="0" covered="1"/><counter type="METHOD" missed="0" covered="1"/></method><method name="generateFinalBill" desc="(Lcom/fabric/waterManagement/model/AllotWater;)Lcom/fabric/waterManagement/model/Bill;" line="22"><counter type="INSTRUCTION" missed="0" covered="82"/><counter type="LINE" missed="0" covered="14"/><counter type="COMPLEXITY" missed="0" covered="1"/><counter type="METHOD" missed="0" covered="1"/></method><method name="getFlatRate" desc="(Ljava/lang/String;D)Ljava/lang/Double;" line="44"><counter type="INSTRUCTION" missed="0" covered="25"/><counter type="LINE" missed="0" covered="7"/><counter type="COMPLEXITY" missed="0" covered="1"/><counter type="METHOD" missed="0" covered="1"/></method><method name="generateRation" desc="(Ljava/lang/String;)Lcom/fabric/waterManagement/model/WaterRatio;" line="55"><counter type="INSTRUCTION" missed="0" covered="22"/><counter type="LINE" missed="0" covered="5"/><counter type="COMPLEXITY" missed="0" covered="1"/><counter type="METHOD" missed="0" covered="1"/></method><method name="getWaterBillForOccupants" desc="(Ljava/lang/Integer;Lcom/fabric/waterManagement/model/AllotWater;)Ljava/lang/Double;" line="63"><counter type="INSTRUCTION" missed="0" covered="70"/><counter type="LINE" missed="0" covered="11"/><counter type="COMPLEXITY" missed="0" covered="1"/><counter type="METHOD" missed="0" covered="1"/></method><method name="getSlabRateBill" desc="(Ljava/lang/Integer;Lcom/fabric/waterManagement/enums/WaterDistributionMethods;)Ljava/lang/Double;" line="80"><counter type="INSTRUCTION" missed="0" covered="78"/><counter type="BRANCH" missed="1" covered="5"/><counter type="LINE" missed="0" covered="11"/><counter type="COMPLEXITY" missed="1" covered="3"/><counter type="METHOD" missed="0" covered="1"/></method><method name="lambda$getFlatRate$1" desc="(DLcom/fabric/waterManagement/model/Rate;)Z" line="47"><counter type="INSTRUCTION" missed="1" covered="11"/><counter type="BRANCH" missed="1" covered="1"/><counter type="LINE" missed="0" covered="1"/><counter type="COMPLEXITY" missed="1" covered="1"/><counter type="METHOD" missed="0" covered="1"/></method><method name="lambda$getFlatRate$0" desc="(DLcom/fabric/waterManagement/model/Rate;)Z" line="46"><counter type="INSTRUCTION" missed="1" covered="11"/><counter type="BRANCH" missed="1" covered="1"/><counter type="LINE" missed="0" covered="1"/><counter type="COMPLEXITY" missed="1" covered="1"/><counter type="METHOD" missed="0" covered="1"/></method><counter type="INSTRUCTION" missed="2" covered="302"/><counter type="BRANCH" missed="3" covered="7"/><counter type="LINE" missed="0" covered="49"/><counter type="COMPLEXITY" missed="3" covered="10"/><counter type="METHOD" missed="0" covered="8"/><counter type="CLASS" missed="0" covered="1"/></class><sourcefile name="FileReaderService.java"><line nr="16" mi="0" ci="3" mb="0" cb="0"/><line nr="18" mi="0" ci="5" mb="0" cb="0"/><line nr="22" mi="0" ci="4" mb="0" cb="0"/><line nr="24" mi="0" ci="3" mb="0" cb="2"/><line nr="25" mi="0" ci="5" mb="0" cb="0"/><line nr="28" mi="0" ci="5" mb="0" cb="0"/><line nr="29" mi="0" ci="5" mb="0" cb="0"/><line nr="31" mi="0" ci="2" mb="0" cb="0"/><line nr="32" mi="0" ci="3" mb="0" cb="2"/><line nr="33" mi="0" ci="3" mb="0" cb="0"/><line nr="34" mi="0" ci="4" mb="0" cb="0"/><line nr="35" mi="0" ci="5" mb="0" cb="0"/><line nr="36" mi="0" ci="5" mb="1" cb="3"/><line nr="38" mi="0" ci="5" mb="0" cb="0"/><line nr="39" mi="0" ci="5" mb="0" cb="0"/><line nr="40" mi="0" ci="1" mb="0" cb="0"/><line nr="42" mi="0" ci="7" mb="0" cb="0"/><line nr="43" mi="0" ci="4" mb="0" cb="0"/><line nr="44" mi="0" ci="1" mb="0" cb="0"/><line nr="46" mi="0" ci="1" mb="0" cb="0"/><line nr="48" mi="4" ci="0" mb="0" cb="0"/><line nr="50" mi="0" ci="1" mb="0" cb="0"/><line nr="51" mi="1" ci="0" mb="0" cb="0"/><line nr="52" mi="4" ci="0" mb="0" cb="0"/><line nr="53" mi="1" ci="0" mb="0" cb="0"/><line nr="54" mi="4" ci="0" mb="0" cb="0"/><line nr="56" mi="1" ci="1" mb="0" cb="0"/><line nr="57" mi="0" ci="2" mb="0" cb="0"/><counter type="INSTRUCTION" missed="15" covered="80"/><counter type="BRANCH" missed="1" covered="7"/><counter type="LINE" missed="5" covered="23"/><counter type="COMPLEXITY" missed="1" covered="7"/><counter type="METHOD" missed="0" covered="3"/><counter type="CLASS" missed="0" covered="1"/></sourcefile><sourcefile name="BillService.java"><line nr="16" mi="0" ci="3" mb="0" cb="0"/><line nr="22" mi="0" ci="3" mb="0" cb="0"/><line nr="23" mi="0" ci="3" mb="0" cb="0"/><line nr="24" mi="0" ci="4" mb="0" cb="0"/><line nr="25" mi="0" ci="3" mb="0" cb="0"/><line nr="27" mi="0" ci="2" mb="0" cb="0"/><line nr="28" mi="0" ci="17" mb="0" cb="0"/><line nr="29" mi="0" ci="4" mb="0" cb="0"/><line nr="30" mi="0" ci="14" mb="0" cb="0"/><line nr="31" mi="0" ci="8" mb="0" cb="0"/><line nr="33" mi="0" ci="5" mb="0" cb="0"/><line nr="34" mi="0" ci="5" mb="0" cb="0"/><line nr="36" mi="0" ci="7" mb="0" cb="0"/><line nr="37" mi="0" ci="5" mb="0" cb="0"/><line nr="39" mi="0" ci="2" mb="0" cb="0"/><line nr="44" mi="0" ci="5" mb="0" cb="0"/><line nr="45" mi="0" ci="5" mb="0" cb="0"/><line nr="46" mi="1" ci="18" mb="1" cb="1"/><line nr="47" mi="1" ci="12" mb="1" cb="1"/><line nr="48" mi="0" ci="1" mb="0" cb="0"/><line nr="49" mi="0" ci="3" mb="0" cb="0"/><line nr="50" mi="0" ci="3" mb="0" cb="0"/><line nr="55" mi="0" ci="4" mb="0" cb="0"/><line nr="56" mi="0" ci="4" mb="0" cb="0"/><line nr="57" mi="0" ci="6" mb="0" cb="0"/><line nr="58" mi="0" ci="6" mb="0" cb="0"/><line nr="59" mi="0" ci="2" mb="0" cb="0"/><line nr="63" mi="0" ci="2" mb="0" cb="0"/><line nr="64" mi="0" ci="2" mb="0" cb="0"/><line nr="65" mi="0" ci="2" mb="0" cb="0"/><line nr="66" mi="0" ci="2" mb="0" cb="0"/><line nr="67" mi="0" ci="5" mb="0" cb="0"/><line nr="69" mi="0" ci="16" mb="0" cb="0"/><line nr="70" mi="0" ci="7" mb="0" cb="0"/><line nr="72" mi="0" ci="16" mb="0" cb="0"/><line nr="73" mi="0" ci="7" mb="0" cb="0"/><line nr="75" mi="0" ci="8" mb="0" cb="0"/><line nr="76" mi="0" ci="3" mb="0" cb="0"/><line nr="80" mi="0" ci="2" mb="0" cb="0"/><line nr="81" mi="0" ci="6" mb="0" cb="0"/><line nr="82" mi="0" ci="2" mb="0" cb="0"/><line nr="83" mi="0" ci="4" mb="0" cb="0"/><line nr="84" mi="0" ci="4" mb="0" cb="0"/><line nr="85" mi="0" ci="9" mb="0" cb="2"/><line nr="86" mi="0" ci="22" mb="1" cb="3"/><line nr="87" mi="0" ci="11" mb="0" cb="0"/><line nr="88" mi="0" ci="4" mb="0" cb="0"/><line nr="89" mi="0" ci="11" mb="0" cb="0"/><line nr="92" mi="0" ci="3" mb="0" cb="0"/><counter type="INSTRUCTION" missed="2" covered="302"/><counter type="BRANCH" missed="3" covered="7"/><counter type="LINE" missed="0" covered="49"/><counter type="COMPLEXITY" missed="3" covered="10"/><counter type="METHOD" missed="0" covered="8"/><counter type="CLASS" missed="0" covered="1"/></sourcefile><sourcefile name="WaterManagementService.java"><line nr="6" mi="0" ci="3" mb="0" cb="0"/><line nr="9" mi="0" ci="4" mb="0" cb="0"/><line nr="10" mi="0" ci="4" mb="0" cb="0"/><line nr="11" mi="0" ci="4" mb="0" cb="0"/><line nr="12" mi="0" ci="4" mb="0" cb="0"/><line nr="13" mi="0" ci="13" mb="0" cb="0"/><counter type="INSTRUCTION" missed="0" covered="32"/><counter type="LINE" missed="0" covered="6"/><counter type="COMPLEXITY" missed="0" covered="2"/><counter type="METHOD" missed="0" covered="2"/><counter type="CLASS" missed="0" covered="1"/></sourcefile><counter type="INSTRUCTION" missed="17" covered="414"/><counter type="BRANCH" missed="4" covered="14"/><counter type="LINE" missed="5" covered="78"/><counter type="COMPLEXITY" missed="4" covered="19"/><counter type="METHOD" missed="0" covered="13"/><counter type="CLASS" missed="0" covered="3"/></package><counter type="INSTRUCTION" missed="176" covered="796"/><counter type="BRANCH" missed="15" covered="25"/><counter type="LINE" missed="41" covered="158"/><counter type="COMPLEXITY" missed="36" covered="53"/><counter type="METHOD" missed="21" covered="47"/><counter type="CLASS" missed="2" covered="15"/></report>